
Showing logs for build [32mcb-kubecd-environment-pr-193-77-nlt6w-1[0m stage [32mfrom-build-pack[0m and container [32mstep-credential-initializer-64nn2[0m
{"level":"warn","ts":1585978483.3161066,"logger":"fallback-logger","caller":"logging/config.go:69","msg":"Fetch GitHub commit ID from kodata failed: \"ref: refs/heads/0.8.0-**-support-backwards-incompats\" is not a valid GitHub commit ID"}
{"level":"info","ts":1585978483.3170722,"logger":"fallback-logger","caller":"creds-init/main.go:40","msg":"Credentials initialized."}

Showing logs for build [32mcb-kubecd-environment-pr-193-77-nlt6w-1[0m stage [32mfrom-build-pack[0m and container [32mstep-working-dir-initializer-jchpc[0m
{"level":"warn","ts":1585978484.7074308,"logger":"fallback-logger","caller":"logging/config.go:69","msg":"Fetch GitHub commit ID from kodata failed: open /var/run/ko/HEAD: no such file or directory"}
{"level":"info","ts":1585978484.709079,"logger":"fallback-logger","caller":"bash/main.go:64","msg":"Successfully executed command \"sh -c mkdir -p /workspace/source\"; output "}

Showing logs for build [32mcb-kubecd-environment-pr-193-77-nlt6w-1[0m stage [32mfrom-build-pack[0m and container [32mstep-place-tools[0m

Showing logs for build [32mcb-kubecd-environment-pr-193-77-nlt6w-1[0m stage [32mfrom-build-pack[0m and container [32mstep-git-source-cb-kubecd-environment-pr-193-77-nlt6w-z7sfs[0m
{"level":"warn","ts":1585978489.9598882,"logger":"fallback-logger","caller":"logging/config.go:69","msg":"Fetch GitHub commit ID from kodata failed: \"ref: refs/heads/0.8.0-**-support-backwards-incompats\" is not a valid GitHub commit ID"}
{"level":"info","ts":1585978491.0746691,"logger":"fallback-logger","caller":"git/git.go:103","msg":"Successfully cloned https://github.com/cb-kubecd/environment-pr-193-77-boot-gke-staging.git @ master in path /workspace/source"}

Showing logs for build [32mcb-kubecd-environment-pr-193-77-nlt6w-1[0m stage [32mfrom-build-pack[0m and container [32mstep-git-merge[0m
Using SHAs from PULL_REFS=master:97a72ab8293734d50a936780320b0aff3a85a5f9,7:835c855cda607a6885b1b7f585aa10896c32f52d
DEBUG: JX_LOG_LEVEL=error LC_ALL=C git fetch origin --unshallow 835c855cda607a6885b1b7f585aa10896c32f52d: 97a72ab8293734d50a936780320b0aff3a85a5f9:
DEBUG: ran git fetch --unshallow origin 835c855cda607a6885b1b7f585aa10896c32f52d: 97a72ab8293734d50a936780320b0aff3a85a5f9: in 
DEBUG: LC_ALL=C JX_LOG_LEVEL=error git branch
DEBUG: LC_ALL=C JX_LOG_LEVEL=error git checkout master
DEBUG: ran git checkout master in 
DEBUG: LC_ALL=C JX_LOG_LEVEL=error git reset --hard 97a72ab8293734d50a936780320b0aff3a85a5f9
DEBUG: ran git reset --hard 97a72ab8293734d50a936780320b0aff3a85a5f9 in 
DEBUG: LC_ALL=C JX_LOG_LEVEL=error git clean -fd .
DEBUG: ran clean --force -d . in 
DEBUG: LC_ALL=C JX_LOG_LEVEL=error git merge 835c855cda607a6885b1b7f585aa10896c32f52d
DEBUG: ran git merge 835c855cda607a6885b1b7f585aa10896c32f52d in 
DEBUG: LC_ALL=C JX_LOG_LEVEL=error git log --format=%H%x1f%an%x1f%ae%x1f%cn%x1f%ce%x1f%s%n%b%x1e 97a72ab8293734d50a936780320b0aff3a85a5f9..HEAD
Merged SHA 835c855cda607a6885b1b7f585aa10896c32f52d with commit message 'chore: Promote bdd-sbrp-import-1585977355 to version 0.0.1' into base branch master

Showing logs for build [32mcb-kubecd-environment-pr-193-77-nlt6w-1[0m stage [32mfrom-build-pack[0m and container [32mstep-build-helm-build[0m
WARNING: No $CHART_REPOSITORY defined so using the default value of: http://jenkins-x-chartmuseum:8080
Adding missing Helm repo: storage.googleapis.com https://storage.googleapis.com/chartmuseum.jenkins-x.io
WARNING: No secrets found on "helm/repos" due: reading the secret "helm/repos" from vault: no secret "helm/repos" not found in vault
Read credentials for https://storage.googleapis.com/chartmuseum.jenkins-x.io from vault helm/repos
Successfully added Helm repository storage.googleapis.com.
Adding missing Helm repo: jenkins-x-chartmuseum http://jenkins-x-chartmuseum:8080
WARNING: No secrets found on "helm/repos" due: reading the secret "helm/repos" from vault: no secret "helm/repos" not found in vault
Read credentials for http://jenkins-x-chartmuseum:8080 from vault helm/repos
Successfully added Helm repository jenkins-x-chartmuseum.
WARNING: No $CHART_REPOSITORY defined so using the default value of: http://jenkins-x-chartmuseum:8080
Adding missing Helm repo: chartmuseum.jenkins-x.io http://chartmuseum.jenkins-x.io
WARNING: No secrets found on "helm/repos" due: reading the secret "helm/repos" from vault: no secret "helm/repos" not found in vault
Read credentials for http://chartmuseum.jenkins-x.io from vault helm/repos
Successfully added Helm repository chartmuseum.jenkins-x.io.
