
Showing logs for build [32mcb-kubecd-environment-pr-193-77-s6zx6-1[0m stage [32mfrom-build-pack[0m and container [32mstep-credential-initializer-kkbvm[0m
{"level":"warn","ts":1585976220.933509,"logger":"fallback-logger","caller":"logging/config.go:69","msg":"Fetch GitHub commit ID from kodata failed: \"ref: refs/heads/0.8.0-**-support-backwards-incompats\" is not a valid GitHub commit ID"}
{"level":"info","ts":1585976220.9340367,"logger":"fallback-logger","caller":"creds-init/main.go:40","msg":"Credentials initialized."}

Showing logs for build [32mcb-kubecd-environment-pr-193-77-s6zx6-1[0m stage [32mfrom-build-pack[0m and container [32mstep-working-dir-initializer-nznts[0m
{"level":"warn","ts":1585976221.5842307,"logger":"fallback-logger","caller":"logging/config.go:69","msg":"Fetch GitHub commit ID from kodata failed: open /var/run/ko/HEAD: no such file or directory"}
{"level":"info","ts":1585976221.5860422,"logger":"fallback-logger","caller":"bash/main.go:64","msg":"Successfully executed command \"sh -c mkdir -p /workspace/source\"; output "}

Showing logs for build [32mcb-kubecd-environment-pr-193-77-s6zx6-1[0m stage [32mfrom-build-pack[0m and container [32mstep-place-tools[0m

Showing logs for build [32mcb-kubecd-environment-pr-193-77-s6zx6-1[0m stage [32mfrom-build-pack[0m and container [32mstep-git-source-cb-kubecd-environment-pr-193-77-s6zx6-rpcvd[0m
{"level":"warn","ts":1585976224.737746,"logger":"fallback-logger","caller":"logging/config.go:69","msg":"Fetch GitHub commit ID from kodata failed: \"ref: refs/heads/0.8.0-**-support-backwards-incompats\" is not a valid GitHub commit ID"}
{"level":"info","ts":1585976225.7702956,"logger":"fallback-logger","caller":"git/git.go:103","msg":"Successfully cloned https://github.com/cb-kubecd/environment-pr-193-77-boot-gke-staging.git @ master in path /workspace/source"}

Showing logs for build [32mcb-kubecd-environment-pr-193-77-s6zx6-1[0m stage [32mfrom-build-pack[0m and container [32mstep-git-merge[0m
Using SHAs from PULL_REFS=master:cc0280881d60f187cd3dabacda6ffd68ff251bdf,3:efea2b6c4ed37f5a56f5ee6365f389c35475c2c4
DEBUG: JX_LOG_LEVEL=error LC_ALL=C git fetch origin --unshallow efea2b6c4ed37f5a56f5ee6365f389c35475c2c4: cc0280881d60f187cd3dabacda6ffd68ff251bdf:
DEBUG: ran git fetch --unshallow origin efea2b6c4ed37f5a56f5ee6365f389c35475c2c4: cc0280881d60f187cd3dabacda6ffd68ff251bdf: in 
DEBUG: LC_ALL=C JX_LOG_LEVEL=error git branch
DEBUG: LC_ALL=C JX_LOG_LEVEL=error git checkout master
DEBUG: ran git checkout master in 
DEBUG: JX_LOG_LEVEL=error LC_ALL=C git reset --hard cc0280881d60f187cd3dabacda6ffd68ff251bdf
DEBUG: ran git reset --hard cc0280881d60f187cd3dabacda6ffd68ff251bdf in 
DEBUG: LC_ALL=C JX_LOG_LEVEL=error git clean -fd .
DEBUG: ran clean --force -d . in 
DEBUG: LC_ALL=C JX_LOG_LEVEL=error git merge efea2b6c4ed37f5a56f5ee6365f389c35475c2c4
DEBUG: ran git merge efea2b6c4ed37f5a56f5ee6365f389c35475c2c4 in 
DEBUG: LC_ALL=C JX_LOG_LEVEL=error git log --format=%H%x1f%an%x1f%ae%x1f%cn%x1f%ce%x1f%s%n%b%x1e cc0280881d60f187cd3dabacda6ffd68ff251bdf..HEAD
Merged SHA efea2b6c4ed37f5a56f5ee6365f389c35475c2c4 with commit message 'chore: Promote bdd-nh-1585975142 to version 0.0.1' into base branch master

Showing logs for build [32mcb-kubecd-environment-pr-193-77-s6zx6-1[0m stage [32mfrom-build-pack[0m and container [32mstep-build-helm-build[0m
WARNING: No $CHART_REPOSITORY defined so using the default value of: http://jenkins-x-chartmuseum:8080
Adding missing Helm repo: storage.googleapis.com https://storage.googleapis.com/chartmuseum.jenkins-x.io
WARNING: No secrets found on "helm/repos" due: reading the secret "helm/repos" from vault: no secret "helm/repos" not found in vault
Read credentials for https://storage.googleapis.com/chartmuseum.jenkins-x.io from vault helm/repos
Successfully added Helm repository storage.googleapis.com.
Adding missing Helm repo: jenkins-x-chartmuseum http://jenkins-x-chartmuseum:8080
WARNING: No secrets found on "helm/repos" due: reading the secret "helm/repos" from vault: no secret "helm/repos" not found in vault
Read credentials for http://jenkins-x-chartmuseum:8080 from vault helm/repos
Successfully added Helm repository jenkins-x-chartmuseum.
WARNING: No $CHART_REPOSITORY defined so using the default value of: http://jenkins-x-chartmuseum:8080
Adding missing Helm repo: chartmuseum.jenkins-x.io http://chartmuseum.jenkins-x.io
WARNING: No secrets found on "helm/repos" due: reading the secret "helm/repos" from vault: no secret "helm/repos" not found in vault
Read credentials for http://chartmuseum.jenkins-x.io from vault helm/repos
Successfully added Helm repository chartmuseum.jenkins-x.io.
